mode: set
github.com/mwiater/gollamacli/cmd/main.go:9.13,11.2 1 0
github.com/mwiater/gollamacli/cmd/gollamacli/chat.go:14.47,16.3 1 0
github.com/mwiater/gollamacli/cmd/gollamacli/chat.go:19.13,21.2 1 1
github.com/mwiater/gollamacli/cmd/gollamacli/delete.go:15.13,17.2 1 1
github.com/mwiater/gollamacli/cmd/gollamacli/delete_models.go:15.47,17.3 1 0
github.com/mwiater/gollamacli/cmd/gollamacli/delete_models.go:20.13,22.2 1 1
github.com/mwiater/gollamacli/cmd/gollamacli/list.go:16.13,18.2 1 1
github.com/mwiater/gollamacli/cmd/gollamacli/list_commands.go:17.47,19.3 1 0
github.com/mwiater/gollamacli/cmd/gollamacli/list_commands.go:22.13,24.2 1 1
github.com/mwiater/gollamacli/cmd/gollamacli/list_commands.go:28.46,32.35 3 1
github.com/mwiater/gollamacli/cmd/gollamacli/list_commands.go:32.35,33.37 1 1
github.com/mwiater/gollamacli/cmd/gollamacli/list_commands.go:33.37,35.4 1 1
github.com/mwiater/gollamacli/cmd/gollamacli/list_commands.go:38.2,39.35 2 1
github.com/mwiater/gollamacli/cmd/gollamacli/list_commands.go:39.35,41.3 1 1
github.com/mwiater/gollamacli/cmd/gollamacli/list_commands.go:51.94,55.23 3 1
github.com/mwiater/gollamacli/cmd/gollamacli/list_commands.go:55.23,57.3 1 1
github.com/mwiater/gollamacli/cmd/gollamacli/list_commands.go:59.2,65.40 3 1
github.com/mwiater/gollamacli/cmd/gollamacli/list_commands.go:65.40,67.3 1 1
github.com/mwiater/gollamacli/cmd/gollamacli/list_commands.go:69.2,69.16 1 1
github.com/mwiater/gollamacli/cmd/gollamacli/list_models.go:15.47,17.3 1 0
github.com/mwiater/gollamacli/cmd/gollamacli/list_models.go:20.13,22.2 1 1
github.com/mwiater/gollamacli/cmd/gollamacli/pull.go:15.13,17.2 1 1
github.com/mwiater/gollamacli/cmd/gollamacli/pull_models.go:15.47,17.3 1 0
github.com/mwiater/gollamacli/cmd/gollamacli/pull_models.go:20.13,22.2 1 1
github.com/mwiater/gollamacli/cmd/gollamacli/root.go:22.16,23.42 1 0
github.com/mwiater/gollamacli/cmd/gollamacli/root.go:23.42,26.3 2 0
github.com/mwiater/gollamacli/cmd/gollamacli/root.go:29.14,30.2 0 1
github.com/mwiater/gollamacli/cmd/gollamacli/sync.go:15.13,17.2 1 1
github.com/mwiater/gollamacli/cmd/gollamacli/sync_models.go:15.47,17.3 1 0
github.com/mwiater/gollamacli/cmd/gollamacli/sync_models.go:20.13,22.2 1 1
github.com/mwiater/gollamacli/cmd/gollamacli/unload.go:15.13,17.2 1 1
github.com/mwiater/gollamacli/cmd/gollamacli/unload_models.go:15.47,17.3 1 0
github.com/mwiater/gollamacli/cmd/gollamacli/unload_models.go:20.13,22.2 1 1
github.com/mwiater/gollamacli/cli/cli.go:52.47,54.16 2 1
github.com/mwiater/gollamacli/cli/cli.go:54.16,56.3 1 1
github.com/mwiater/gollamacli/cli/cli.go:57.2,58.48 2 1
github.com/mwiater/gollamacli/cli/cli.go:58.48,60.3 1 0
github.com/mwiater/gollamacli/cli/cli.go:61.2,61.25 1 1
github.com/mwiater/gollamacli/cli/cli.go:61.25,63.3 1 0
github.com/mwiater/gollamacli/cli/cli.go:64.2,64.18 1 1
github.com/mwiater/gollamacli/cli/cli.go:208.39,223.30 13 1
github.com/mwiater/gollamacli/cli/cli.go:223.30,225.3 1 1
github.com/mwiater/gollamacli/cli/cli.go:226.2,245.3 5 1
github.com/mwiater/gollamacli/cli/cli.go:260.30,260.48 1 1
github.com/mwiater/gollamacli/cli/cli.go:264.36,265.14 1 0
github.com/mwiater/gollamacli/cli/cli.go:265.14,267.3 1 0
github.com/mwiater/gollamacli/cli/cli.go:268.2,268.15 1 0
github.com/mwiater/gollamacli/cli/cli.go:272.36,272.54 1 0
github.com/mwiater/gollamacli/cli/cli.go:304.70,305.24 1 1
github.com/mwiater/gollamacli/cli/cli.go:305.24,307.17 2 0
github.com/mwiater/gollamacli/cli/cli.go:307.17,309.4 1 0
github.com/mwiater/gollamacli/cli/cli.go:311.3,314.34 3 0
github.com/mwiater/gollamacli/cli/cli.go:314.34,316.4 1 0
github.com/mwiater/gollamacli/cli/cli.go:318.3,320.31 3 0
github.com/mwiater/gollamacli/cli/cli.go:320.31,323.16 3 0
github.com/mwiater/gollamacli/cli/cli.go:323.16,325.5 1 0
github.com/mwiater/gollamacli/cli/cli.go:325.10,327.5 1 0
github.com/mwiater/gollamacli/cli/cli.go:330.3,335.4 2 0
github.com/mwiater/gollamacli/cli/cli.go:340.72,342.16 2 1
github.com/mwiater/gollamacli/cli/cli.go:342.16,344.3 1 0
github.com/mwiater/gollamacli/cli/cli.go:345.2,346.16 2 1
github.com/mwiater/gollamacli/cli/cli.go:346.16,348.3 1 0
github.com/mwiater/gollamacli/cli/cli.go:349.2,351.38 2 1
github.com/mwiater/gollamacli/cli/cli.go:351.38,353.3 1 1
github.com/mwiater/gollamacli/cli/cli.go:355.2,356.16 2 1
github.com/mwiater/gollamacli/cli/cli.go:356.16,358.3 1 0
github.com/mwiater/gollamacli/cli/cli.go:360.2,361.54 2 1
github.com/mwiater/gollamacli/cli/cli.go:361.54,363.3 1 0
github.com/mwiater/gollamacli/cli/cli.go:365.2,366.34 2 1
github.com/mwiater/gollamacli/cli/cli.go:366.34,368.3 1 1
github.com/mwiater/gollamacli/cli/cli.go:369.2,369.26 1 1
github.com/mwiater/gollamacli/cli/cli.go:376.77,377.24 1 1
github.com/mwiater/gollamacli/cli/cli.go:377.24,385.17 4 1
github.com/mwiater/gollamacli/cli/cli.go:385.17,387.4 1 0
github.com/mwiater/gollamacli/cli/cli.go:388.3,391.17 3 1
github.com/mwiater/gollamacli/cli/cli.go:391.17,393.4 1 0
github.com/mwiater/gollamacli/cli/cli.go:394.3,396.39 2 1
github.com/mwiater/gollamacli/cli/cli.go:396.39,399.4 2 1
github.com/mwiater/gollamacli/cli/cli.go:401.3,401.24 1 1
github.com/mwiater/gollamacli/cli/cli.go:410.117,411.24 1 1
github.com/mwiater/gollamacli/cli/cli.go:411.24,419.17 4 0
github.com/mwiater/gollamacli/cli/cli.go:419.17,421.4 1 0
github.com/mwiater/gollamacli/cli/cli.go:422.3,425.17 3 0
github.com/mwiater/gollamacli/cli/cli.go:425.17,427.4 1 0
github.com/mwiater/gollamacli/cli/cli.go:429.3,429.13 1 0
github.com/mwiater/gollamacli/cli/cli.go:429.13,433.8 4 0
github.com/mwiater/gollamacli/cli/cli.go:433.8,435.50 2 0
github.com/mwiater/gollamacli/cli/cli.go:435.50,436.23 1 0
github.com/mwiater/gollamacli/cli/cli.go:436.23,438.7 1 0
github.com/mwiater/gollamacli/cli/cli.go:439.6,439.11 1 0
github.com/mwiater/gollamacli/cli/cli.go:441.5,442.19 2 0
github.com/mwiater/gollamacli/cli/cli.go:442.19,444.11 2 0
github.com/mwiater/gollamacli/cli/cli.go:447.4,457.7 1 0
github.com/mwiater/gollamacli/cli/cli.go:460.3,460.13 1 0
github.com/mwiater/gollamacli/cli/cli.go:466.24,467.66 1 1
github.com/mwiater/gollamacli/cli/cli.go:467.66,469.3 1 0
github.com/mwiater/gollamacli/cli/cli.go:473.32,475.2 1 0
github.com/mwiater/gollamacli/cli/cli.go:479.58,485.27 2 1
github.com/mwiater/gollamacli/cli/cli.go:486.18,487.23 1 1
github.com/mwiater/gollamacli/cli/cli.go:488.22,489.22 1 0
github.com/mwiater/gollamacli/cli/cli.go:490.14,491.27 1 0
github.com/mwiater/gollamacli/cli/cli.go:491.27,494.5 2 0
github.com/mwiater/gollamacli/cli/cli.go:497.25,505.63 8 1
github.com/mwiater/gollamacli/cli/cli.go:507.20,512.16 5 1
github.com/mwiater/gollamacli/cli/cli.go:514.20,517.16 3 0
github.com/mwiater/gollamacli/cli/cli.go:519.22,525.30 6 1
github.com/mwiater/gollamacli/cli/cli.go:525.30,527.4 1 1
github.com/mwiater/gollamacli/cli/cli.go:528.3,528.16 1 1
github.com/mwiater/gollamacli/cli/cli.go:530.21,533.16 3 0
github.com/mwiater/gollamacli/cli/cli.go:535.22,538.16 3 1
github.com/mwiater/gollamacli/cli/cli.go:540.20,542.30 2 1
github.com/mwiater/gollamacli/cli/cli.go:542.30,548.4 2 1
github.com/mwiater/gollamacli/cli/cli.go:549.3,552.16 4 1
github.com/mwiater/gollamacli/cli/cli.go:554.17,557.16 3 0
github.com/mwiater/gollamacli/cli/cli.go:558.15,559.18 1 0
github.com/mwiater/gollamacli/cli/cli.go:559.18,561.4 1 0
github.com/mwiater/gollamacli/cli/cli.go:562.3,562.16 1 0
github.com/mwiater/gollamacli/cli/cli.go:565.2,565.17 1 1
github.com/mwiater/gollamacli/cli/cli.go:566.24,569.65 3 1
github.com/mwiater/gollamacli/cli/cli.go:569.65,570.53 1 1
github.com/mwiater/gollamacli/cli/cli.go:570.53,576.5 5 1
github.com/mwiater/gollamacli/cli/cli.go:579.25,582.65 3 1
github.com/mwiater/gollamacli/cli/cli.go:582.65,583.65 1 1
github.com/mwiater/gollamacli/cli/cli.go:583.65,590.5 6 1
github.com/mwiater/gollamacli/cli/cli.go:593.16,600.65 5 1
github.com/mwiater/gollamacli/cli/cli.go:600.65,602.23 2 1
github.com/mwiater/gollamacli/cli/cli.go:602.23,610.5 7 1
github.com/mwiater/gollamacli/cli/cli.go:614.2,614.17 1 1
github.com/mwiater/gollamacli/cli/cli.go:614.17,617.3 2 1
github.com/mwiater/gollamacli/cli/cli.go:619.2,619.30 1 1
github.com/mwiater/gollamacli/cli/cli.go:623.31,624.18 1 1
github.com/mwiater/gollamacli/cli/cli.go:624.18,626.3 1 0
github.com/mwiater/gollamacli/cli/cli.go:628.2,628.18 1 1
github.com/mwiater/gollamacli/cli/cli.go:628.18,631.3 2 0
github.com/mwiater/gollamacli/cli/cli.go:633.2,633.17 1 1
github.com/mwiater/gollamacli/cli/cli.go:634.43,636.34 2 0
github.com/mwiater/gollamacli/cli/cli.go:636.34,638.4 1 0
github.com/mwiater/gollamacli/cli/cli.go:638.9,640.4 1 0
github.com/mwiater/gollamacli/cli/cli.go:641.3,641.18 1 0
github.com/mwiater/gollamacli/cli/cli.go:641.18,644.4 2 0
github.com/mwiater/gollamacli/cli/cli.go:645.3,645.67 1 0
github.com/mwiater/gollamacli/cli/cli.go:647.23,649.93 2 0
github.com/mwiater/gollamacli/cli/cli.go:651.16,652.22 1 1
github.com/mwiater/gollamacli/cli/cli.go:654.10,655.25 1 0
github.com/mwiater/gollamacli/cli/cli.go:661.35,678.36 11 1
github.com/mwiater/gollamacli/cli/cli.go:678.36,680.30 2 1
github.com/mwiater/gollamacli/cli/cli.go:680.30,683.4 2 1
github.com/mwiater/gollamacli/cli/cli.go:683.9,686.4 2 1
github.com/mwiater/gollamacli/cli/cli.go:687.3,688.97 2 1
github.com/mwiater/gollamacli/cli/cli.go:691.2,691.29 1 1
github.com/mwiater/gollamacli/cli/cli.go:691.29,695.3 3 0
github.com/mwiater/gollamacli/cli/cli.go:697.2,700.17 3 1
github.com/mwiater/gollamacli/cli/cli.go:700.17,704.3 3 0
github.com/mwiater/gollamacli/cli/cli.go:704.8,706.3 1 1
github.com/mwiater/gollamacli/cli/cli.go:708.2,708.43 1 1
github.com/mwiater/gollamacli/cli/cli.go:708.43,710.3 1 0
github.com/mwiater/gollamacli/cli/cli.go:712.2,712.25 1 1
github.com/mwiater/gollamacli/cli/cli.go:717.46,734.2 6 1
github.com/mwiater/gollamacli/cli/cli.go:740.17,742.16 2 0
github.com/mwiater/gollamacli/cli/cli.go:742.16,744.3 1 0
github.com/mwiater/gollamacli/cli/cli.go:745.2,748.16 3 0
github.com/mwiater/gollamacli/cli/cli.go:748.16,750.3 1 0
github.com/mwiater/gollamacli/cli/cli.go:752.2,752.20 1 0
github.com/mwiater/gollamacli/cli/cli.go:752.20,754.49 2 0
github.com/mwiater/gollamacli/cli/cli.go:754.49,756.4 1 0
github.com/mwiater/gollamacli/cli/cli.go:757.3,757.9 1 0
github.com/mwiater/gollamacli/cli/cli.go:760.2,764.35 4 0
github.com/mwiater/gollamacli/cli/cli.go:764.35,766.3 1 0
github.com/mwiater/gollamacli/cli/cli_multimodel.go:98.40,100.18 2 0
github.com/mwiater/gollamacli/cli/cli_multimodel.go:100.18,102.3 1 0
github.com/mwiater/gollamacli/cli/cli_multimodel.go:103.2,103.14 1 0
github.com/mwiater/gollamacli/cli/cli_multimodel.go:106.46,107.18 1 0
github.com/mwiater/gollamacli/cli/cli_multimodel.go:107.18,109.3 1 0
github.com/mwiater/gollamacli/cli/cli_multimodel.go:110.2,110.39 1 0
github.com/mwiater/gollamacli/cli/cli_multimodel.go:113.46,115.2 1 0
github.com/mwiater/gollamacli/cli/cli_multimodel.go:145.59,162.33 14 1
github.com/mwiater/gollamacli/cli/cli_multimodel.go:162.33,168.3 1 1
github.com/mwiater/gollamacli/cli/cli_multimodel.go:170.2,171.33 2 1
github.com/mwiater/gollamacli/cli/cli_multimodel.go:171.33,175.3 1 1
github.com/mwiater/gollamacli/cli/cli_multimodel.go:177.2,189.3 2 1
github.com/mwiater/gollamacli/cli/cli_multimodel.go:193.71,194.24 1 1
github.com/mwiater/gollamacli/cli/cli_multimodel.go:194.24,197.3 2 0
github.com/mwiater/gollamacli/cli/cli_multimodel.go:201.74,202.24 1 1
github.com/mwiater/gollamacli/cli/cli_multimodel.go:202.24,203.44 1 0
github.com/mwiater/gollamacli/cli/cli_multimodel.go:203.44,204.29 1 0
github.com/mwiater/gollamacli/cli/cli_multimodel.go:204.29,205.76 1 0
github.com/mwiater/gollamacli/cli/cli_multimodel.go:205.76,206.89 1 0
github.com/mwiater/gollamacli/cli/cli_multimodel.go:206.89,208.7 1 0
github.com/mwiater/gollamacli/cli/cli_multimodel.go:212.3,212.13 1 0
github.com/mwiater/gollamacli/cli/cli_multimodel.go:217.131,225.16 4 0
github.com/mwiater/gollamacli/cli/cli_multimodel.go:225.16,227.3 1 0
github.com/mwiater/gollamacli/cli/cli_multimodel.go:228.2,231.16 3 0
github.com/mwiater/gollamacli/cli/cli_multimodel.go:231.16,233.3 1 0
github.com/mwiater/gollamacli/cli/cli_multimodel.go:234.2,238.6 4 0
github.com/mwiater/gollamacli/cli/cli_multimodel.go:238.6,240.48 2 0
github.com/mwiater/gollamacli/cli/cli_multimodel.go:240.48,241.21 1 0
github.com/mwiater/gollamacli/cli/cli_multimodel.go:241.21,243.5 1 0
github.com/mwiater/gollamacli/cli/cli_multimodel.go:244.4,244.9 1 0
github.com/mwiater/gollamacli/cli/cli_multimodel.go:246.3,253.17 2 0
github.com/mwiater/gollamacli/cli/cli_multimodel.go:253.17,255.9 2 0
github.com/mwiater/gollamacli/cli/cli_multimodel.go:259.2,273.12 2 0
github.com/mwiater/gollamacli/cli/cli_multimodel.go:277.42,279.2 1 0
github.com/mwiater/gollamacli/cli/cli_multimodel.go:282.68,288.27 2 1
github.com/mwiater/gollamacli/cli/cli_multimodel.go:289.18,290.23 1 0
github.com/mwiater/gollamacli/cli/cli_multimodel.go:291.22,292.22 1 0
github.com/mwiater/gollamacli/cli/cli_multimodel.go:293.14,294.37 1 0
github.com/mwiater/gollamacli/cli/cli_multimodel.go:294.37,297.5 2 0
github.com/mwiater/gollamacli/cli/cli_multimodel.go:300.25,307.63 7 1
github.com/mwiater/gollamacli/cli/cli_multimodel.go:309.30,313.16 4 1
github.com/mwiater/gollamacli/cli/cli_multimodel.go:315.30,318.16 3 0
github.com/mwiater/gollamacli/cli/cli_multimodel.go:320.32,321.45 1 1
github.com/mwiater/gollamacli/cli/cli_multimodel.go:321.45,323.76 2 1
github.com/mwiater/gollamacli/cli/cli_multimodel.go:323.76,325.5 1 0
github.com/mwiater/gollamacli/cli/cli_multimodel.go:325.10,327.5 1 1
github.com/mwiater/gollamacli/cli/cli_multimodel.go:328.4,328.55 1 1
github.com/mwiater/gollamacli/cli/cli_multimodel.go:330.3,330.16 1 1
github.com/mwiater/gollamacli/cli/cli_multimodel.go:332.30,333.45 1 1
github.com/mwiater/gollamacli/cli/cli_multimodel.go:333.45,336.4 2 1
github.com/mwiater/gollamacli/cli/cli_multimodel.go:337.3,338.44 2 1
github.com/mwiater/gollamacli/cli/cli_multimodel.go:338.44,339.95 1 1
github.com/mwiater/gollamacli/cli/cli_multimodel.go:339.95,341.10 2 0
github.com/mwiater/gollamacli/cli/cli_multimodel.go:344.3,344.14 1 1
github.com/mwiater/gollamacli/cli/cli_multimodel.go:344.14,349.45 4 1
github.com/mwiater/gollamacli/cli/cli_multimodel.go:349.45,350.102 1 1
github.com/mwiater/gollamacli/cli/cli_multimodel.go:350.102,351.86 1 0
github.com/mwiater/gollamacli/cli/cli_multimodel.go:351.86,353.39 2 0
github.com/mwiater/gollamacli/cli/cli_multimodel.go:353.39,354.96 1 0
github.com/mwiater/gollamacli/cli/cli_multimodel.go:354.96,357.9 1 0
github.com/mwiater/gollamacli/cli/cli_multimodel.go:359.7,359.37 1 0
github.com/mwiater/gollamacli/cli/cli_multimodel.go:359.37,364.8 1 0
github.com/mwiater/gollamacli/cli/cli_multimodel.go:365.7,365.12 1 0
github.com/mwiater/gollamacli/cli/cli_multimodel.go:370.3,370.16 1 1
github.com/mwiater/gollamacli/cli/cli_multimodel.go:372.27,373.45 1 0
github.com/mwiater/gollamacli/cli/cli_multimodel.go:373.45,376.4 2 0
github.com/mwiater/gollamacli/cli/cli_multimodel.go:377.3,377.16 1 0
github.com/mwiater/gollamacli/cli/cli_multimodel.go:379.15,380.18 1 0
github.com/mwiater/gollamacli/cli/cli_multimodel.go:380.18,382.4 1 0
github.com/mwiater/gollamacli/cli/cli_multimodel.go:383.3,383.16 1 0
github.com/mwiater/gollamacli/cli/cli_multimodel.go:386.2,386.17 1 1
github.com/mwiater/gollamacli/cli/cli_multimodel.go:387.32,388.33 1 1
github.com/mwiater/gollamacli/cli/cli_multimodel.go:389.26,390.27 1 0
github.com/mwiater/gollamacli/cli/cli_multimodel.go:393.2,393.17 1 0
github.com/mwiater/gollamacli/cli/cli_multimodel.go:393.17,396.3 2 0
github.com/mwiater/gollamacli/cli/cli_multimodel.go:398.2,398.30 1 0
github.com/mwiater/gollamacli/cli/cli_multimodel.go:402.78,405.24 2 1
github.com/mwiater/gollamacli/cli/cli_multimodel.go:405.24,410.41 4 1
github.com/mwiater/gollamacli/cli/cli_multimodel.go:410.41,411.27 1 1
github.com/mwiater/gollamacli/cli/cli_multimodel.go:412.17,413.66 1 1
github.com/mwiater/gollamacli/cli/cli_multimodel.go:413.66,417.6 3 1
github.com/mwiater/gollamacli/cli/cli_multimodel.go:418.15,419.31 1 0
github.com/mwiater/gollamacli/cli/cli_multimodel.go:422.8,423.41 1 1
github.com/mwiater/gollamacli/cli/cli_multimodel.go:423.41,424.27 1 1
github.com/mwiater/gollamacli/cli/cli_multimodel.go:425.19,426.32 1 0
github.com/mwiater/gollamacli/cli/cli_multimodel.go:426.32,428.6 1 0
github.com/mwiater/gollamacli/cli/cli_multimodel.go:429.21,430.51 1 0
github.com/mwiater/gollamacli/cli/cli_multimodel.go:430.51,432.6 1 0
github.com/mwiater/gollamacli/cli/cli_multimodel.go:433.17,436.69 2 1
github.com/mwiater/gollamacli/cli/cli_multimodel.go:436.69,438.6 1 1
github.com/mwiater/gollamacli/cli/cli_multimodel.go:439.5,441.30 3 1
github.com/mwiater/gollamacli/cli/cli_multimodel.go:442.13,445.46 2 1
github.com/mwiater/gollamacli/cli/cli_multimodel.go:445.46,446.31 1 1
github.com/mwiater/gollamacli/cli/cli_multimodel.go:446.31,448.12 2 1
github.com/mwiater/gollamacli/cli/cli_multimodel.go:451.5,451.22 1 1
github.com/mwiater/gollamacli/cli/cli_multimodel.go:451.22,456.39 4 1
github.com/mwiater/gollamacli/cli/cli_multimodel.go:456.39,460.7 3 1
github.com/mwiater/gollamacli/cli/cli_multimodel.go:461.6,461.90 1 1
github.com/mwiater/gollamacli/cli/cli_multimodel.go:467.2,467.30 1 1
github.com/mwiater/gollamacli/cli/cli_multimodel.go:471.72,481.70 7 1
github.com/mwiater/gollamacli/cli/cli_multimodel.go:481.70,483.22 2 1
github.com/mwiater/gollamacli/cli/cli_multimodel.go:483.22,486.37 2 1
github.com/mwiater/gollamacli/cli/cli_multimodel.go:486.37,487.36 1 1
github.com/mwiater/gollamacli/cli/cli_multimodel.go:487.36,491.6 3 1
github.com/mwiater/gollamacli/cli/cli_multimodel.go:491.11,493.6 1 1
github.com/mwiater/gollamacli/cli/cli_multimodel.go:494.5,495.37 2 1
github.com/mwiater/gollamacli/cli/cli_multimodel.go:498.4,501.89 4 1
github.com/mwiater/gollamacli/cli/cli_multimodel.go:505.2,505.30 1 1
github.com/mwiater/gollamacli/cli/cli_multimodel.go:509.41,510.18 1 0
github.com/mwiater/gollamacli/cli/cli_multimodel.go:510.18,512.3 1 0
github.com/mwiater/gollamacli/cli/cli_multimodel.go:514.2,514.18 1 0
github.com/mwiater/gollamacli/cli/cli_multimodel.go:514.18,517.3 2 0
github.com/mwiater/gollamacli/cli/cli_multimodel.go:519.2,519.17 1 0
github.com/mwiater/gollamacli/cli/cli_multimodel.go:520.32,521.28 1 0
github.com/mwiater/gollamacli/cli/cli_multimodel.go:522.33,524.89 2 0
github.com/mwiater/gollamacli/cli/cli_multimodel.go:525.26,526.32 1 0
github.com/mwiater/gollamacli/cli/cli_multimodel.go:527.10,528.25 1 0
github.com/mwiater/gollamacli/cli/cli_multimodel.go:533.51,539.24 4 0
github.com/mwiater/gollamacli/cli/cli_multimodel.go:539.24,541.3 1 0
github.com/mwiater/gollamacli/cli/cli_multimodel.go:544.2,544.43 1 0
github.com/mwiater/gollamacli/cli/cli_multimodel.go:544.43,547.31 2 0
github.com/mwiater/gollamacli/cli/cli_multimodel.go:547.31,549.4 1 0
github.com/mwiater/gollamacli/cli/cli_multimodel.go:549.9,551.4 1 0
github.com/mwiater/gollamacli/cli/cli_multimodel.go:553.3,557.28 4 0
github.com/mwiater/gollamacli/cli/cli_multimodel.go:557.28,560.4 2 0
github.com/mwiater/gollamacli/cli/cli_multimodel.go:560.9,563.4 2 0
github.com/mwiater/gollamacli/cli/cli_multimodel.go:565.3,565.44 1 0
github.com/mwiater/gollamacli/cli/cli_multimodel.go:568.2,574.43 5 0
github.com/mwiater/gollamacli/cli/cli_multimodel.go:574.43,575.28 1 0
github.com/mwiater/gollamacli/cli/cli_multimodel.go:575.28,577.9 2 0
github.com/mwiater/gollamacli/cli/cli_multimodel.go:580.2,580.19 1 0
github.com/mwiater/gollamacli/cli/cli_multimodel.go:580.19,584.3 3 0
github.com/mwiater/gollamacli/cli/cli_multimodel.go:586.2,586.66 1 0
github.com/mwiater/gollamacli/cli/cli_multimodel.go:590.55,601.25 8 1
github.com/mwiater/gollamacli/cli/cli_multimodel.go:601.25,603.60 2 1
github.com/mwiater/gollamacli/cli/cli_multimodel.go:603.60,605.4 1 1
github.com/mwiater/gollamacli/cli/cli_multimodel.go:605.9,607.4 1 1
github.com/mwiater/gollamacli/cli/cli_multimodel.go:609.3,617.70 2 1
github.com/mwiater/gollamacli/cli/cli_multimodel.go:619.2,625.25 5 1
github.com/mwiater/gollamacli/cli/cli_multimodel.go:625.25,627.60 2 1
github.com/mwiater/gollamacli/cli/cli_multimodel.go:627.60,628.41 1 1
github.com/mwiater/gollamacli/cli/cli_multimodel.go:628.41,631.5 2 0
github.com/mwiater/gollamacli/cli/cli_multimodel.go:631.10,635.58 3 1
github.com/mwiater/gollamacli/cli/cli_multimodel.go:635.58,637.33 2 1
github.com/mwiater/gollamacli/cli/cli_multimodel.go:637.33,640.7 2 1
github.com/mwiater/gollamacli/cli/cli_multimodel.go:640.12,643.7 2 1
github.com/mwiater/gollamacli/cli/cli_multimodel.go:644.6,645.73 2 1
github.com/mwiater/gollamacli/cli/cli_multimodel.go:650.3,657.72 2 1
github.com/mwiater/gollamacli/cli/cli_multimodel.go:659.2,662.35 3 1
github.com/mwiater/gollamacli/cli/cli_multimodel.go:662.35,663.39 1 1
github.com/mwiater/gollamacli/cli/cli_multimodel.go:663.39,666.4 2 0
github.com/mwiater/gollamacli/cli/cli_multimodel.go:669.2,669.17 1 1
github.com/mwiater/gollamacli/cli/cli_multimodel.go:669.17,671.3 1 0
github.com/mwiater/gollamacli/cli/cli_multimodel.go:671.8,673.3 1 1
github.com/mwiater/gollamacli/cli/cli_multimodel.go:675.2,675.25 1 1
github.com/mwiater/gollamacli/cli/cli_multimodel.go:681.44,694.2 6 0
github.com/mwiater/gollamacli/models/models.go:66.39,68.2 1 1
github.com/mwiater/gollamacli/models/models.go:71.39,73.2 1 1
github.com/mwiater/gollamacli/models/models.go:76.43,78.2 1 1
github.com/mwiater/gollamacli/models/models.go:81.41,83.2 1 1
github.com/mwiater/gollamacli/models/models.go:86.41,88.2 1 1
github.com/mwiater/gollamacli/models/models.go:91.45,93.2 1 0
github.com/mwiater/gollamacli/models/models.go:96.35,99.16 3 1
github.com/mwiater/gollamacli/models/models.go:99.16,101.3 1 1
github.com/mwiater/gollamacli/models/models.go:102.2,106.20 4 1
github.com/mwiater/gollamacli/models/models.go:110.43,112.42 2 1
github.com/mwiater/gollamacli/models/models.go:112.42,113.26 1 1
github.com/mwiater/gollamacli/models/models.go:114.17,115.109 1 1
github.com/mwiater/gollamacli/models/models.go:116.19,117.111 1 1
github.com/mwiater/gollamacli/models/models.go:118.11,119.58 1 1
github.com/mwiater/gollamacli/models/models.go:122.2,122.14 1 1
github.com/mwiater/gollamacli/models/models.go:128.19,130.16 2 1
github.com/mwiater/gollamacli/models/models.go:130.16,133.3 2 0
github.com/mwiater/gollamacli/models/models.go:135.2,137.29 3 1
github.com/mwiater/gollamacli/models/models.go:137.29,139.22 2 1
github.com/mwiater/gollamacli/models/models.go:139.22,141.31 2 1
github.com/mwiater/gollamacli/models/models.go:141.31,144.5 2 1
github.com/mwiater/gollamacli/models/models.go:145.4,146.40 2 1
github.com/mwiater/gollamacli/models/models.go:146.40,149.5 2 1
github.com/mwiater/gollamacli/models/models.go:152.2,153.55 2 1
github.com/mwiater/gollamacli/models/models.go:157.46,162.16 5 1
github.com/mwiater/gollamacli/models/models.go:162.16,164.3 1 0
github.com/mwiater/gollamacli/models/models.go:168.48,170.2 1 0
github.com/mwiater/gollamacli/models/models.go:173.21,175.16 2 1
github.com/mwiater/gollamacli/models/models.go:175.16,178.3 2 0
github.com/mwiater/gollamacli/models/models.go:180.2,182.29 3 1
github.com/mwiater/gollamacli/models/models.go:182.29,184.22 2 1
github.com/mwiater/gollamacli/models/models.go:184.22,186.31 2 1
github.com/mwiater/gollamacli/models/models.go:186.31,189.5 2 1
github.com/mwiater/gollamacli/models/models.go:190.4,190.40 1 1
github.com/mwiater/gollamacli/models/models.go:193.2,194.58 2 1
github.com/mwiater/gollamacli/models/models.go:198.62,201.16 3 1
github.com/mwiater/gollamacli/models/models.go:201.16,204.3 2 0
github.com/mwiater/gollamacli/models/models.go:206.2,207.33 2 1
github.com/mwiater/gollamacli/models/models.go:207.33,209.3 1 1
github.com/mwiater/gollamacli/models/models.go:211.2,211.40 1 1
github.com/mwiater/gollamacli/models/models.go:211.40,214.51 3 1
github.com/mwiater/gollamacli/models/models.go:214.51,217.4 2 1
github.com/mwiater/gollamacli/models/models.go:217.9,219.4 1 1
github.com/mwiater/gollamacli/models/models.go:224.48,231.16 7 1
github.com/mwiater/gollamacli/models/models.go:231.16,233.3 1 0
github.com/mwiater/gollamacli/models/models.go:237.50,239.2 1 1
github.com/mwiater/gollamacli/models/models.go:242.21,244.16 2 1
github.com/mwiater/gollamacli/models/models.go:244.16,247.3 2 0
github.com/mwiater/gollamacli/models/models.go:249.2,251.29 3 1
github.com/mwiater/gollamacli/models/models.go:251.29,253.22 2 1
github.com/mwiater/gollamacli/models/models.go:253.22,255.31 2 1
github.com/mwiater/gollamacli/models/models.go:255.31,258.5 2 1
github.com/mwiater/gollamacli/models/models.go:259.4,261.18 3 1
github.com/mwiater/gollamacli/models/models.go:261.18,264.5 2 0
github.com/mwiater/gollamacli/models/models.go:265.4,265.37 1 1
github.com/mwiater/gollamacli/models/models.go:265.37,268.5 2 1
github.com/mwiater/gollamacli/models/models.go:271.2,272.57 2 1
github.com/mwiater/gollamacli/models/models.go:276.48,283.16 7 1
github.com/mwiater/gollamacli/models/models.go:283.16,285.3 1 0
github.com/mwiater/gollamacli/models/models.go:289.50,291.2 1 1
github.com/mwiater/gollamacli/models/models.go:300.19,303.2 2 1
github.com/mwiater/gollamacli/models/models.go:306.19,308.16 2 1
github.com/mwiater/gollamacli/models/models.go:308.16,311.3 2 0
github.com/mwiater/gollamacli/models/models.go:313.2,320.29 6 1
github.com/mwiater/gollamacli/models/models.go:320.29,322.22 2 1
github.com/mwiater/gollamacli/models/models.go:322.22,326.18 4 1
github.com/mwiater/gollamacli/models/models.go:326.18,328.5 1 1
github.com/mwiater/gollamacli/models/models.go:328.10,330.5 1 1
github.com/mwiater/gollamacli/models/models.go:331.4,331.15 1 1
github.com/mwiater/gollamacli/models/models.go:334.2,337.31 3 1
github.com/mwiater/gollamacli/models/models.go:337.31,339.3 1 1
github.com/mwiater/gollamacli/models/models.go:340.2,342.35 2 1
github.com/mwiater/gollamacli/models/models.go:342.35,344.42 2 1
github.com/mwiater/gollamacli/models/models.go:344.42,347.4 2 1
github.com/mwiater/gollamacli/models/models.go:348.3,348.16 1 1
github.com/mwiater/gollamacli/models/models.go:353.53,358.16 4 1
github.com/mwiater/gollamacli/models/models.go:358.16,360.3 1 0
github.com/mwiater/gollamacli/models/models.go:362.2,364.16 3 1
github.com/mwiater/gollamacli/models/models.go:364.16,366.3 1 0
github.com/mwiater/gollamacli/models/models.go:367.2,370.16 3 1
github.com/mwiater/gollamacli/models/models.go:370.16,372.3 1 0
github.com/mwiater/gollamacli/models/models.go:374.2,379.56 2 1
github.com/mwiater/gollamacli/models/models.go:379.56,381.3 1 0
github.com/mwiater/gollamacli/models/models.go:383.2,384.40 2 1
github.com/mwiater/gollamacli/models/models.go:384.40,385.45 1 1
github.com/mwiater/gollamacli/models/models.go:385.45,387.4 1 1
github.com/mwiater/gollamacli/models/models.go:387.9,389.4 1 1
github.com/mwiater/gollamacli/models/models.go:391.2,391.20 1 1
github.com/mwiater/gollamacli/models/models.go:395.55,400.16 4 1
github.com/mwiater/gollamacli/models/models.go:400.16,402.3 1 0
github.com/mwiater/gollamacli/models/models.go:403.2,406.16 3 1
github.com/mwiater/gollamacli/models/models.go:406.16,408.3 1 0
github.com/mwiater/gollamacli/models/models.go:410.2,415.58 2 1
github.com/mwiater/gollamacli/models/models.go:415.58,417.3 1 1
github.com/mwiater/gollamacli/models/models.go:419.2,420.40 2 1
github.com/mwiater/gollamacli/models/models.go:420.40,422.3 1 1
github.com/mwiater/gollamacli/models/models.go:423.2,423.20 1 1
github.com/mwiater/gollamacli/models/models.go:427.70,431.16 4 1
github.com/mwiater/gollamacli/models/models.go:431.16,433.3 1 0
github.com/mwiater/gollamacli/models/models.go:434.2,437.16 3 1
github.com/mwiater/gollamacli/models/models.go:437.16,439.3 1 0
github.com/mwiater/gollamacli/models/models.go:441.2,446.54 2 1
github.com/mwiater/gollamacli/models/models.go:446.54,448.3 1 0
github.com/mwiater/gollamacli/models/models.go:450.2,450.38 1 1
github.com/mwiater/gollamacli/models/models.go:450.38,452.3 1 1
github.com/mwiater/gollamacli/models/models.go:454.2,454.27 1 1
