mode: set
github.com/mwiater/gollamacli/cmd/gollamacli/chat.go:22.47,25.3 2 1
github.com/mwiater/gollamacli/cmd/gollamacli/chat.go:28.13,39.2 3 1
github.com/mwiater/gollamacli/cmd/gollamacli/delete.go:15.13,17.2 1 1
github.com/mwiater/gollamacli/cmd/gollamacli/delete_models.go:15.47,17.3 1 0
github.com/mwiater/gollamacli/cmd/gollamacli/delete_models.go:20.13,22.2 1 1
github.com/mwiater/gollamacli/cmd/gollamacli/harness.go:15.13,17.2 1 1
github.com/mwiater/gollamacli/cmd/gollamacli/harness_run.go:15.47,17.3 1 0
github.com/mwiater/gollamacli/cmd/gollamacli/harness_run.go:20.13,22.2 1 1
github.com/mwiater/gollamacli/cmd/gollamacli/list.go:16.13,18.2 1 1
github.com/mwiater/gollamacli/cmd/gollamacli/list_commands.go:17.47,19.3 1 0
github.com/mwiater/gollamacli/cmd/gollamacli/list_commands.go:22.13,24.2 1 1
github.com/mwiater/gollamacli/cmd/gollamacli/list_commands.go:28.46,32.35 3 0
github.com/mwiater/gollamacli/cmd/gollamacli/list_commands.go:32.35,33.37 1 0
github.com/mwiater/gollamacli/cmd/gollamacli/list_commands.go:33.37,35.4 1 0
github.com/mwiater/gollamacli/cmd/gollamacli/list_commands.go:38.2,39.35 2 0
github.com/mwiater/gollamacli/cmd/gollamacli/list_commands.go:39.35,40.48 1 0
github.com/mwiater/gollamacli/cmd/gollamacli/list_commands.go:40.48,41.12 1 0
github.com/mwiater/gollamacli/cmd/gollamacli/list_commands.go:43.3,43.109 1 0
github.com/mwiater/gollamacli/cmd/gollamacli/list_commands.go:54.94,58.23 3 0
github.com/mwiater/gollamacli/cmd/gollamacli/list_commands.go:58.23,60.3 1 0
github.com/mwiater/gollamacli/cmd/gollamacli/list_commands.go:62.2,69.40 3 0
github.com/mwiater/gollamacli/cmd/gollamacli/list_commands.go:69.40,71.3 1 0
github.com/mwiater/gollamacli/cmd/gollamacli/list_commands.go:73.2,73.16 1 0
github.com/mwiater/gollamacli/cmd/gollamacli/list_modelparameters.go:15.47,17.3 1 1
github.com/mwiater/gollamacli/cmd/gollamacli/list_modelparameters.go:20.13,22.2 1 1
github.com/mwiater/gollamacli/cmd/gollamacli/list_models.go:15.47,17.3 1 0
github.com/mwiater/gollamacli/cmd/gollamacli/list_models.go:20.13,22.2 1 1
github.com/mwiater/gollamacli/cmd/gollamacli/pull.go:15.13,17.2 1 1
github.com/mwiater/gollamacli/cmd/gollamacli/pull_models.go:15.47,17.3 1 0
github.com/mwiater/gollamacli/cmd/gollamacli/pull_models.go:20.13,22.2 1 1
github.com/mwiater/gollamacli/cmd/gollamacli/root.go:22.16,23.42 1 0
github.com/mwiater/gollamacli/cmd/gollamacli/root.go:23.42,26.3 2 0
github.com/mwiater/gollamacli/cmd/gollamacli/root.go:29.14,30.2 0 1
github.com/mwiater/gollamacli/cmd/gollamacli/sync.go:15.13,17.2 1 1
github.com/mwiater/gollamacli/cmd/gollamacli/sync_models.go:16.47,18.3 1 0
github.com/mwiater/gollamacli/cmd/gollamacli/sync_models.go:21.13,23.2 1 1
github.com/mwiater/gollamacli/cmd/gollamacli/unload.go:15.13,17.2 1 1
github.com/mwiater/gollamacli/cmd/gollamacli/unload_models.go:15.47,17.3 1 0
github.com/mwiater/gollamacli/cmd/gollamacli/unload_models.go:20.13,22.2 1 1
github.com/mwiater/gollamacli/models/models.go:80.39,82.2 1 1
github.com/mwiater/gollamacli/models/models.go:85.39,87.2 1 1
github.com/mwiater/gollamacli/models/models.go:90.43,92.2 1 1
github.com/mwiater/gollamacli/models/models.go:95.35,97.2 1 0
github.com/mwiater/gollamacli/models/models.go:100.54,103.16 3 1
github.com/mwiater/gollamacli/models/models.go:103.16,105.3 1 1
github.com/mwiater/gollamacli/models/models.go:106.2,110.20 4 1
github.com/mwiater/gollamacli/models/models.go:114.43,116.42 2 0
github.com/mwiater/gollamacli/models/models.go:116.42,117.26 1 0
github.com/mwiater/gollamacli/models/models.go:118.17,119.109 1 0
github.com/mwiater/gollamacli/models/models.go:120.11,121.58 1 0
github.com/mwiater/gollamacli/models/models.go:124.2,124.14 1 0
github.com/mwiater/gollamacli/models/models.go:129.19,131.16 2 0
github.com/mwiater/gollamacli/models/models.go:131.16,134.3 2 0
github.com/mwiater/gollamacli/models/models.go:136.2,138.29 3 0
github.com/mwiater/gollamacli/models/models.go:138.29,140.22 2 0
github.com/mwiater/gollamacli/models/models.go:140.22,142.31 2 0
github.com/mwiater/gollamacli/models/models.go:142.31,145.5 2 0
github.com/mwiater/gollamacli/models/models.go:146.4,147.40 2 0
github.com/mwiater/gollamacli/models/models.go:147.40,150.5 2 0
github.com/mwiater/gollamacli/models/models.go:153.2,154.55 2 0
github.com/mwiater/gollamacli/models/models.go:158.46,163.16 5 1
github.com/mwiater/gollamacli/models/models.go:163.16,165.3 1 0
github.com/mwiater/gollamacli/models/models.go:169.21,171.16 2 0
github.com/mwiater/gollamacli/models/models.go:171.16,174.3 2 0
github.com/mwiater/gollamacli/models/models.go:176.2,178.29 3 0
github.com/mwiater/gollamacli/models/models.go:178.29,180.22 2 0
github.com/mwiater/gollamacli/models/models.go:180.22,182.31 2 0
github.com/mwiater/gollamacli/models/models.go:182.31,185.5 2 0
github.com/mwiater/gollamacli/models/models.go:186.4,186.40 1 0
github.com/mwiater/gollamacli/models/models.go:189.2,190.58 2 0
github.com/mwiater/gollamacli/models/models.go:194.62,197.16 3 0
github.com/mwiater/gollamacli/models/models.go:197.16,200.3 2 0
github.com/mwiater/gollamacli/models/models.go:202.2,203.33 2 0
github.com/mwiater/gollamacli/models/models.go:203.33,205.3 1 0
github.com/mwiater/gollamacli/models/models.go:207.2,207.44 1 0
github.com/mwiater/gollamacli/models/models.go:207.44,209.51 2 0
github.com/mwiater/gollamacli/models/models.go:209.51,212.4 2 0
github.com/mwiater/gollamacli/models/models.go:212.9,214.4 1 0
github.com/mwiater/gollamacli/models/models.go:219.48,226.16 7 1
github.com/mwiater/gollamacli/models/models.go:226.16,228.3 1 0
github.com/mwiater/gollamacli/models/models.go:232.21,234.16 2 0
github.com/mwiater/gollamacli/models/models.go:234.16,237.3 2 0
github.com/mwiater/gollamacli/models/models.go:239.2,241.29 3 0
github.com/mwiater/gollamacli/models/models.go:241.29,243.22 2 0
github.com/mwiater/gollamacli/models/models.go:243.22,245.31 2 0
github.com/mwiater/gollamacli/models/models.go:245.31,248.5 2 0
github.com/mwiater/gollamacli/models/models.go:249.4,251.18 3 0
github.com/mwiater/gollamacli/models/models.go:251.18,254.5 2 0
github.com/mwiater/gollamacli/models/models.go:255.4,255.37 1 0
github.com/mwiater/gollamacli/models/models.go:255.37,258.5 2 0
github.com/mwiater/gollamacli/models/models.go:261.2,262.57 2 0
github.com/mwiater/gollamacli/models/models.go:266.48,273.16 7 1
github.com/mwiater/gollamacli/models/models.go:273.16,275.3 1 0
github.com/mwiater/gollamacli/models/models.go:285.19,288.2 2 0
github.com/mwiater/gollamacli/models/models.go:291.19,293.16 2 0
github.com/mwiater/gollamacli/models/models.go:293.16,296.3 2 0
github.com/mwiater/gollamacli/models/models.go:298.2,305.29 6 0
github.com/mwiater/gollamacli/models/models.go:305.29,307.22 2 0
github.com/mwiater/gollamacli/models/models.go:307.22,311.18 4 0
github.com/mwiater/gollamacli/models/models.go:311.18,313.5 1 0
github.com/mwiater/gollamacli/models/models.go:313.10,315.5 1 0
github.com/mwiater/gollamacli/models/models.go:316.4,316.15 1 0
github.com/mwiater/gollamacli/models/models.go:319.2,322.31 3 0
github.com/mwiater/gollamacli/models/models.go:322.31,324.3 1 0
github.com/mwiater/gollamacli/models/models.go:325.2,327.35 2 0
github.com/mwiater/gollamacli/models/models.go:327.35,329.42 2 0
github.com/mwiater/gollamacli/models/models.go:329.42,332.4 2 0
github.com/mwiater/gollamacli/models/models.go:333.3,333.16 1 0
github.com/mwiater/gollamacli/models/models.go:338.56,341.16 3 1
github.com/mwiater/gollamacli/models/models.go:341.16,343.3 1 0
github.com/mwiater/gollamacli/models/models.go:344.2,347.16 3 1
github.com/mwiater/gollamacli/models/models.go:347.16,349.3 1 0
github.com/mwiater/gollamacli/models/models.go:351.2,356.56 2 1
github.com/mwiater/gollamacli/models/models.go:356.56,358.3 1 0
github.com/mwiater/gollamacli/models/models.go:360.2,361.40 2 1
github.com/mwiater/gollamacli/models/models.go:361.40,363.3 1 1
github.com/mwiater/gollamacli/models/models.go:364.2,364.20 1 1
github.com/mwiater/gollamacli/models/models.go:368.53,373.16 4 1
github.com/mwiater/gollamacli/models/models.go:373.16,375.3 1 0
github.com/mwiater/gollamacli/models/models.go:377.2,379.16 3 1
github.com/mwiater/gollamacli/models/models.go:379.16,381.3 1 0
github.com/mwiater/gollamacli/models/models.go:382.2,385.16 3 1
github.com/mwiater/gollamacli/models/models.go:385.16,387.3 1 0
github.com/mwiater/gollamacli/models/models.go:389.2,394.56 2 1
github.com/mwiater/gollamacli/models/models.go:394.56,396.3 1 0
github.com/mwiater/gollamacli/models/models.go:398.2,399.40 2 1
github.com/mwiater/gollamacli/models/models.go:399.40,400.45 1 1
github.com/mwiater/gollamacli/models/models.go:400.45,402.4 1 1
github.com/mwiater/gollamacli/models/models.go:402.9,404.4 1 1
github.com/mwiater/gollamacli/models/models.go:406.2,406.20 1 1
github.com/mwiater/gollamacli/models/models.go:410.70,414.16 4 1
github.com/mwiater/gollamacli/models/models.go:414.16,416.3 1 0
github.com/mwiater/gollamacli/models/models.go:417.2,420.16 3 1
github.com/mwiater/gollamacli/models/models.go:420.16,422.3 1 0
github.com/mwiater/gollamacli/models/models.go:424.2,429.54 2 1
github.com/mwiater/gollamacli/models/models.go:429.54,431.3 1 0
github.com/mwiater/gollamacli/models/models.go:433.2,433.38 1 1
github.com/mwiater/gollamacli/models/models.go:433.38,435.3 1 1
github.com/mwiater/gollamacli/models/models.go:437.2,437.27 1 1
github.com/mwiater/gollamacli/models/models.go:441.28,443.16 2 0
github.com/mwiater/gollamacli/models/models.go:443.16,446.3 2 0
github.com/mwiater/gollamacli/models/models.go:448.2,451.29 3 0
github.com/mwiater/gollamacli/models/models.go:451.29,453.33 2 0
github.com/mwiater/gollamacli/models/models.go:453.33,455.12 2 0
github.com/mwiater/gollamacli/models/models.go:458.3,459.17 2 0
github.com/mwiater/gollamacli/models/models.go:459.17,461.12 2 0
github.com/mwiater/gollamacli/models/models.go:464.3,464.28 1 0
github.com/mwiater/gollamacli/models/models.go:464.28,481.4 12 0
github.com/mwiater/gollamacli/models/models.go:482.3,482.16 1 0
github.com/mwiater/gollamacli/models/models.go:487.70,491.16 3 1
github.com/mwiater/gollamacli/models/models.go:491.16,493.3 1 0
github.com/mwiater/gollamacli/models/models.go:494.2,497.16 3 1
github.com/mwiater/gollamacli/models/models.go:497.16,499.3 1 0
github.com/mwiater/gollamacli/models/models.go:501.2,506.56 2 1
github.com/mwiater/gollamacli/models/models.go:506.56,508.3 1 0
github.com/mwiater/gollamacli/models/models.go:510.2,511.36 2 1
github.com/mwiater/gollamacli/models/models.go:511.36,513.17 2 1
github.com/mwiater/gollamacli/models/models.go:513.17,515.4 1 0
github.com/mwiater/gollamacli/models/models.go:516.3,516.40 1 1
github.com/mwiater/gollamacli/models/models.go:519.2,519.23 1 1
github.com/mwiater/gollamacli/models/models.go:523.87,529.16 5 1
github.com/mwiater/gollamacli/models/models.go:529.16,531.3 1 0
github.com/mwiater/gollamacli/models/models.go:532.2,535.16 3 1
github.com/mwiater/gollamacli/models/models.go:535.16,537.3 1 0
github.com/mwiater/gollamacli/models/models.go:539.2,540.58 2 1
github.com/mwiater/gollamacli/models/models.go:540.58,542.3 1 0
github.com/mwiater/gollamacli/models/models.go:544.2,546.20 2 1
github.com/mwiater/gollamacli/models/models.go:555.59,565.29 3 1
github.com/mwiater/gollamacli/models/models.go:565.29,567.14 2 1
github.com/mwiater/gollamacli/models/models.go:567.14,568.12 1 1
github.com/mwiater/gollamacli/models/models.go:572.3,572.31 1 1
github.com/mwiater/gollamacli/models/models.go:572.31,576.69 4 1
github.com/mwiater/gollamacli/models/models.go:576.69,578.5 1 1
github.com/mwiater/gollamacli/models/models.go:579.4,579.12 1 1
github.com/mwiater/gollamacli/models/models.go:583.3,584.23 2 1
github.com/mwiater/gollamacli/models/models.go:584.23,587.46 3 1
github.com/mwiater/gollamacli/models/models.go:587.46,590.5 2 1
github.com/mwiater/gollamacli/models/models.go:591.4,591.56 1 1
github.com/mwiater/gollamacli/models/models.go:591.56,593.5 1 1
github.com/mwiater/gollamacli/models/models.go:597.2,597.15 1 1
github.com/mwiater/gollamacli/cli/cli.go:72.47,74.16 2 1
github.com/mwiater/gollamacli/cli/cli.go:74.16,76.3 1 1
github.com/mwiater/gollamacli/cli/cli.go:78.2,79.48 2 1
github.com/mwiater/gollamacli/cli/cli.go:79.48,81.3 1 1
github.com/mwiater/gollamacli/cli/cli.go:83.2,83.25 1 1
github.com/mwiater/gollamacli/cli/cli.go:83.25,85.3 1 1
github.com/mwiater/gollamacli/cli/cli.go:86.2,86.18 1 1
github.com/mwiater/gollamacli/cli/cli.go:230.39,245.30 13 1
github.com/mwiater/gollamacli/cli/cli.go:245.30,247.3 1 1
github.com/mwiater/gollamacli/cli/cli.go:248.2,267.3 5 1
github.com/mwiater/gollamacli/cli/cli.go:282.30,282.48 1 1
github.com/mwiater/gollamacli/cli/cli.go:286.36,287.14 1 1
github.com/mwiater/gollamacli/cli/cli.go:287.14,289.3 1 0
github.com/mwiater/gollamacli/cli/cli.go:290.2,290.15 1 1
github.com/mwiater/gollamacli/cli/cli.go:294.36,294.54 1 0
github.com/mwiater/gollamacli/cli/cli.go:326.70,327.24 1 1
github.com/mwiater/gollamacli/cli/cli.go:327.24,329.17 2 0
github.com/mwiater/gollamacli/cli/cli.go:329.17,331.4 1 0
github.com/mwiater/gollamacli/cli/cli.go:333.3,336.34 3 0
github.com/mwiater/gollamacli/cli/cli.go:336.34,338.4 1 0
github.com/mwiater/gollamacli/cli/cli.go:340.3,342.31 3 0
github.com/mwiater/gollamacli/cli/cli.go:342.31,345.16 3 0
github.com/mwiater/gollamacli/cli/cli.go:345.16,347.5 1 0
github.com/mwiater/gollamacli/cli/cli.go:347.10,349.5 1 0
github.com/mwiater/gollamacli/cli/cli.go:352.3,357.4 2 0
github.com/mwiater/gollamacli/cli/cli.go:362.72,364.16 2 0
github.com/mwiater/gollamacli/cli/cli.go:364.16,366.3 1 0
github.com/mwiater/gollamacli/cli/cli.go:367.2,368.16 2 0
github.com/mwiater/gollamacli/cli/cli.go:368.16,370.3 1 0
github.com/mwiater/gollamacli/cli/cli.go:371.2,373.38 2 0
github.com/mwiater/gollamacli/cli/cli.go:373.38,375.3 1 0
github.com/mwiater/gollamacli/cli/cli.go:377.2,378.16 2 0
github.com/mwiater/gollamacli/cli/cli.go:378.16,380.3 1 0
github.com/mwiater/gollamacli/cli/cli.go:382.2,383.54 2 0
github.com/mwiater/gollamacli/cli/cli.go:383.54,385.3 1 0
github.com/mwiater/gollamacli/cli/cli.go:387.2,388.34 2 0
github.com/mwiater/gollamacli/cli/cli.go:388.34,390.3 1 0
github.com/mwiater/gollamacli/cli/cli.go:391.2,391.26 1 0
github.com/mwiater/gollamacli/cli/cli.go:398.77,399.24 1 1
github.com/mwiater/gollamacli/cli/cli.go:399.24,407.17 4 0
github.com/mwiater/gollamacli/cli/cli.go:407.17,409.4 1 0
github.com/mwiater/gollamacli/cli/cli.go:410.3,413.17 3 0
github.com/mwiater/gollamacli/cli/cli.go:413.17,415.4 1 0
github.com/mwiater/gollamacli/cli/cli.go:416.3,418.39 2 0
github.com/mwiater/gollamacli/cli/cli.go:418.39,421.4 2 0
github.com/mwiater/gollamacli/cli/cli.go:423.3,423.24 1 0
github.com/mwiater/gollamacli/cli/cli.go:432.178,433.24 1 1
github.com/mwiater/gollamacli/cli/cli.go:433.24,435.25 2 0
github.com/mwiater/gollamacli/cli/cli.go:435.25,437.4 1 0
github.com/mwiater/gollamacli/cli/cli.go:439.3,446.17 2 0
github.com/mwiater/gollamacli/cli/cli.go:446.17,454.4 1 0
github.com/mwiater/gollamacli/cli/cli.go:456.3,459.17 3 0
github.com/mwiater/gollamacli/cli/cli.go:459.17,461.4 1 0
github.com/mwiater/gollamacli/cli/cli.go:462.3,465.17 3 0
github.com/mwiater/gollamacli/cli/cli.go:465.17,467.4 1 0
github.com/mwiater/gollamacli/cli/cli.go:469.3,469.13 1 0
github.com/mwiater/gollamacli/cli/cli.go:469.13,473.8 4 0
github.com/mwiater/gollamacli/cli/cli.go:473.8,475.50 2 0
github.com/mwiater/gollamacli/cli/cli.go:475.50,476.23 1 0
github.com/mwiater/gollamacli/cli/cli.go:476.23,478.7 1 0
github.com/mwiater/gollamacli/cli/cli.go:479.6,479.11 1 0
github.com/mwiater/gollamacli/cli/cli.go:481.5,482.19 2 0
github.com/mwiater/gollamacli/cli/cli.go:482.19,484.11 2 0
github.com/mwiater/gollamacli/cli/cli.go:487.4,497.7 1 0
github.com/mwiater/gollamacli/cli/cli.go:500.3,500.13 1 0
github.com/mwiater/gollamacli/cli/cli.go:506.24,507.66 1 1
github.com/mwiater/gollamacli/cli/cli.go:507.66,509.3 1 0
github.com/mwiater/gollamacli/cli/cli.go:513.32,515.2 1 0
github.com/mwiater/gollamacli/cli/cli.go:519.58,525.27 2 1
github.com/mwiater/gollamacli/cli/cli.go:526.18,527.23 1 1
github.com/mwiater/gollamacli/cli/cli.go:528.22,529.22 1 1
github.com/mwiater/gollamacli/cli/cli.go:530.14,531.27 1 0
github.com/mwiater/gollamacli/cli/cli.go:531.27,534.5 2 0
github.com/mwiater/gollamacli/cli/cli.go:537.25,545.63 8 1
github.com/mwiater/gollamacli/cli/cli.go:547.20,552.16 5 1
github.com/mwiater/gollamacli/cli/cli.go:554.20,557.16 3 0
github.com/mwiater/gollamacli/cli/cli.go:559.22,565.30 6 1
github.com/mwiater/gollamacli/cli/cli.go:565.30,567.4 1 1
github.com/mwiater/gollamacli/cli/cli.go:568.3,568.16 1 1
github.com/mwiater/gollamacli/cli/cli.go:570.21,573.16 3 0
github.com/mwiater/gollamacli/cli/cli.go:575.22,578.16 3 1
github.com/mwiater/gollamacli/cli/cli.go:580.20,582.30 2 1
github.com/mwiater/gollamacli/cli/cli.go:582.30,588.4 2 1
github.com/mwiater/gollamacli/cli/cli.go:589.3,592.16 4 1
github.com/mwiater/gollamacli/cli/cli.go:594.17,597.16 3 0
github.com/mwiater/gollamacli/cli/cli.go:598.15,599.18 1 0
github.com/mwiater/gollamacli/cli/cli.go:599.18,601.4 1 0
github.com/mwiater/gollamacli/cli/cli.go:602.3,602.16 1 0
github.com/mwiater/gollamacli/cli/cli.go:605.2,605.17 1 1
github.com/mwiater/gollamacli/cli/cli.go:606.24,609.65 3 1
github.com/mwiater/gollamacli/cli/cli.go:609.65,610.53 1 1
github.com/mwiater/gollamacli/cli/cli.go:610.53,615.5 4 1
github.com/mwiater/gollamacli/cli/cli.go:618.25,621.65 3 1
github.com/mwiater/gollamacli/cli/cli.go:621.65,622.65 1 1
github.com/mwiater/gollamacli/cli/cli.go:622.65,629.5 6 1
github.com/mwiater/gollamacli/cli/cli.go:632.16,639.65 5 1
github.com/mwiater/gollamacli/cli/cli.go:639.65,641.23 2 1
github.com/mwiater/gollamacli/cli/cli.go:641.23,650.5 7 1
github.com/mwiater/gollamacli/cli/cli.go:654.2,654.17 1 1
github.com/mwiater/gollamacli/cli/cli.go:654.17,657.3 2 1
github.com/mwiater/gollamacli/cli/cli.go:659.2,659.30 1 1
github.com/mwiater/gollamacli/cli/cli.go:663.31,664.18 1 1
github.com/mwiater/gollamacli/cli/cli.go:664.18,666.3 1 1
github.com/mwiater/gollamacli/cli/cli.go:668.2,668.18 1 1
github.com/mwiater/gollamacli/cli/cli.go:668.18,671.3 2 1
github.com/mwiater/gollamacli/cli/cli.go:673.2,673.17 1 1
github.com/mwiater/gollamacli/cli/cli.go:674.43,677.34 3 1
github.com/mwiater/gollamacli/cli/cli.go:677.34,680.4 2 1
github.com/mwiater/gollamacli/cli/cli.go:680.9,683.4 2 0
github.com/mwiater/gollamacli/cli/cli.go:684.3,684.18 1 1
github.com/mwiater/gollamacli/cli/cli.go:684.18,687.4 2 0
github.com/mwiater/gollamacli/cli/cli.go:688.3,689.56 2 1
github.com/mwiater/gollamacli/cli/cli.go:689.56,691.4 1 1
github.com/mwiater/gollamacli/cli/cli.go:692.3,692.59 1 1
github.com/mwiater/gollamacli/cli/cli.go:694.23,696.93 2 0
github.com/mwiater/gollamacli/cli/cli.go:698.16,699.22 1 1
github.com/mwiater/gollamacli/cli/cli.go:701.10,702.25 1 0
github.com/mwiater/gollamacli/cli/cli.go:708.35,717.28 6 1
github.com/mwiater/gollamacli/cli/cli.go:717.28,719.3 1 1
github.com/mwiater/gollamacli/cli/cli.go:719.8,721.3 1 0
github.com/mwiater/gollamacli/cli/cli.go:724.2,725.43 2 1
github.com/mwiater/gollamacli/cli/cli.go:725.43,727.3 1 0
github.com/mwiater/gollamacli/cli/cli.go:727.8,729.3 1 1
github.com/mwiater/gollamacli/cli/cli.go:732.2,733.43 2 1
github.com/mwiater/gollamacli/cli/cli.go:733.43,735.3 1 0
github.com/mwiater/gollamacli/cli/cli.go:735.8,737.3 1 1
github.com/mwiater/gollamacli/cli/cli.go:740.2,741.43 2 1
github.com/mwiater/gollamacli/cli/cli.go:741.43,743.3 1 0
github.com/mwiater/gollamacli/cli/cli.go:743.8,745.3 1 1
github.com/mwiater/gollamacli/cli/cli.go:748.2,749.43 2 1
github.com/mwiater/gollamacli/cli/cli.go:749.43,751.3 1 0
github.com/mwiater/gollamacli/cli/cli.go:751.8,753.3 1 1
github.com/mwiater/gollamacli/cli/cli.go:756.2,757.47 2 1
github.com/mwiater/gollamacli/cli/cli.go:757.47,759.3 1 0
github.com/mwiater/gollamacli/cli/cli.go:759.8,761.3 1 1
github.com/mwiater/gollamacli/cli/cli.go:764.2,765.50 2 1
github.com/mwiater/gollamacli/cli/cli.go:765.50,767.3 1 0
github.com/mwiater/gollamacli/cli/cli.go:767.8,769.3 1 1
github.com/mwiater/gollamacli/cli/cli.go:772.2,773.50 2 1
github.com/mwiater/gollamacli/cli/cli.go:773.50,775.3 1 0
github.com/mwiater/gollamacli/cli/cli.go:775.8,777.3 1 1
github.com/mwiater/gollamacli/cli/cli.go:780.2,781.52 2 1
github.com/mwiater/gollamacli/cli/cli.go:781.52,783.3 1 0
github.com/mwiater/gollamacli/cli/cli.go:783.8,785.3 1 1
github.com/mwiater/gollamacli/cli/cli.go:788.2,789.54 2 1
github.com/mwiater/gollamacli/cli/cli.go:789.54,791.3 1 0
github.com/mwiater/gollamacli/cli/cli.go:791.8,793.3 1 1
github.com/mwiater/gollamacli/cli/cli.go:796.2,797.55 2 1
github.com/mwiater/gollamacli/cli/cli.go:797.55,799.3 1 0
github.com/mwiater/gollamacli/cli/cli.go:799.8,801.3 1 1
github.com/mwiater/gollamacli/cli/cli.go:803.2,820.33 3 1
github.com/mwiater/gollamacli/cli/cli.go:820.33,822.29 2 1
github.com/mwiater/gollamacli/cli/cli.go:822.29,824.4 1 1
github.com/mwiater/gollamacli/cli/cli.go:827.2,868.36 15 1
github.com/mwiater/gollamacli/cli/cli.go:868.36,870.30 2 1
github.com/mwiater/gollamacli/cli/cli.go:870.30,873.4 2 1
github.com/mwiater/gollamacli/cli/cli.go:873.9,876.4 2 1
github.com/mwiater/gollamacli/cli/cli.go:877.3,878.97 2 1
github.com/mwiater/gollamacli/cli/cli.go:881.2,881.29 1 1
github.com/mwiater/gollamacli/cli/cli.go:881.29,885.3 3 0
github.com/mwiater/gollamacli/cli/cli.go:887.2,890.17 3 1
github.com/mwiater/gollamacli/cli/cli.go:890.17,894.3 3 0
github.com/mwiater/gollamacli/cli/cli.go:894.8,896.3 1 1
github.com/mwiater/gollamacli/cli/cli.go:898.2,898.43 1 1
github.com/mwiater/gollamacli/cli/cli.go:898.43,900.3 1 0
github.com/mwiater/gollamacli/cli/cli.go:902.2,902.25 1 1
github.com/mwiater/gollamacli/cli/cli.go:907.46,924.2 6 0
github.com/mwiater/gollamacli/cli/cli.go:930.34,932.16 2 0
github.com/mwiater/gollamacli/cli/cli.go:932.16,934.3 1 0
github.com/mwiater/gollamacli/cli/cli.go:935.2,938.16 3 0
github.com/mwiater/gollamacli/cli/cli.go:938.16,940.3 1 0
github.com/mwiater/gollamacli/cli/cli.go:942.2,942.20 1 0
github.com/mwiater/gollamacli/cli/cli.go:942.20,944.49 2 0
github.com/mwiater/gollamacli/cli/cli.go:944.49,946.4 1 0
github.com/mwiater/gollamacli/cli/cli.go:947.3,947.9 1 0
github.com/mwiater/gollamacli/cli/cli.go:950.2,955.35 4 0
github.com/mwiater/gollamacli/cli/cli.go:955.35,957.3 1 0
github.com/mwiater/gollamacli/cli/cli_multimodel.go:98.40,100.18 2 0
github.com/mwiater/gollamacli/cli/cli_multimodel.go:100.18,102.3 1 0
github.com/mwiater/gollamacli/cli/cli_multimodel.go:103.2,103.14 1 0
github.com/mwiater/gollamacli/cli/cli_multimodel.go:106.46,107.18 1 0
github.com/mwiater/gollamacli/cli/cli_multimodel.go:107.18,109.3 1 0
github.com/mwiater/gollamacli/cli/cli_multimodel.go:110.2,110.39 1 0
github.com/mwiater/gollamacli/cli/cli_multimodel.go:113.46,115.2 1 0
github.com/mwiater/gollamacli/cli/cli_multimodel.go:145.59,162.33 14 1
github.com/mwiater/gollamacli/cli/cli_multimodel.go:162.33,168.3 1 1
github.com/mwiater/gollamacli/cli/cli_multimodel.go:170.2,171.33 2 1
github.com/mwiater/gollamacli/cli/cli_multimodel.go:171.33,175.3 1 1
github.com/mwiater/gollamacli/cli/cli_multimodel.go:177.2,189.3 2 1
github.com/mwiater/gollamacli/cli/cli_multimodel.go:193.71,194.24 1 1
github.com/mwiater/gollamacli/cli/cli_multimodel.go:194.24,197.3 2 0
github.com/mwiater/gollamacli/cli/cli_multimodel.go:201.74,202.24 1 1
github.com/mwiater/gollamacli/cli/cli_multimodel.go:202.24,203.44 1 0
github.com/mwiater/gollamacli/cli/cli_multimodel.go:203.44,204.29 1 0
github.com/mwiater/gollamacli/cli/cli_multimodel.go:204.29,205.76 1 0
github.com/mwiater/gollamacli/cli/cli_multimodel.go:205.76,206.140 1 0
github.com/mwiater/gollamacli/cli/cli_multimodel.go:206.140,208.7 1 0
github.com/mwiater/gollamacli/cli/cli_multimodel.go:212.3,212.13 1 0
github.com/mwiater/gollamacli/cli/cli_multimodel.go:217.192,219.24 2 0
github.com/mwiater/gollamacli/cli/cli_multimodel.go:219.24,221.3 1 0
github.com/mwiater/gollamacli/cli/cli_multimodel.go:223.2,230.16 2 0
github.com/mwiater/gollamacli/cli/cli_multimodel.go:230.16,238.3 1 0
github.com/mwiater/gollamacli/cli/cli_multimodel.go:240.2,243.16 3 0
github.com/mwiater/gollamacli/cli/cli_multimodel.go:243.16,245.3 1 0
github.com/mwiater/gollamacli/cli/cli_multimodel.go:246.2,249.16 3 0
github.com/mwiater/gollamacli/cli/cli_multimodel.go:249.16,251.3 1 0
github.com/mwiater/gollamacli/cli/cli_multimodel.go:252.2,256.6 4 0
github.com/mwiater/gollamacli/cli/cli_multimodel.go:256.6,258.48 2 0
github.com/mwiater/gollamacli/cli/cli_multimodel.go:258.48,259.21 1 0
github.com/mwiater/gollamacli/cli/cli_multimodel.go:259.21,261.5 1 0
github.com/mwiater/gollamacli/cli/cli_multimodel.go:262.4,262.9 1 0
github.com/mwiater/gollamacli/cli/cli_multimodel.go:264.3,271.17 2 0
github.com/mwiater/gollamacli/cli/cli_multimodel.go:271.17,273.9 2 0
github.com/mwiater/gollamacli/cli/cli_multimodel.go:277.2,291.12 2 0
github.com/mwiater/gollamacli/cli/cli_multimodel.go:295.42,297.2 1 0
github.com/mwiater/gollamacli/cli/cli_multimodel.go:300.68,306.27 2 1
github.com/mwiater/gollamacli/cli/cli_multimodel.go:307.18,308.23 1 1
github.com/mwiater/gollamacli/cli/cli_multimodel.go:309.17,310.22 1 1
github.com/mwiater/gollamacli/cli/cli_multimodel.go:311.14,312.37 1 0
github.com/mwiater/gollamacli/cli/cli_multimodel.go:312.37,315.5 2 0
github.com/mwiater/gollamacli/cli/cli_multimodel.go:318.25,325.63 7 1
github.com/mwiater/gollamacli/cli/cli_multimodel.go:327.30,331.16 4 1
github.com/mwiater/gollamacli/cli/cli_multimodel.go:333.30,336.16 3 0
github.com/mwiater/gollamacli/cli/cli_multimodel.go:338.32,339.45 1 1
github.com/mwiater/gollamacli/cli/cli_multimodel.go:339.45,341.76 2 1
github.com/mwiater/gollamacli/cli/cli_multimodel.go:341.76,343.5 1 0
github.com/mwiater/gollamacli/cli/cli_multimodel.go:343.10,345.5 1 1
github.com/mwiater/gollamacli/cli/cli_multimodel.go:346.4,346.55 1 1
github.com/mwiater/gollamacli/cli/cli_multimodel.go:348.3,348.16 1 1
github.com/mwiater/gollamacli/cli/cli_multimodel.go:350.30,351.45 1 1
github.com/mwiater/gollamacli/cli/cli_multimodel.go:351.45,354.4 2 1
github.com/mwiater/gollamacli/cli/cli_multimodel.go:355.3,356.44 2 1
github.com/mwiater/gollamacli/cli/cli_multimodel.go:356.44,357.95 1 1
github.com/mwiater/gollamacli/cli/cli_multimodel.go:357.95,359.10 2 0
github.com/mwiater/gollamacli/cli/cli_multimodel.go:362.3,362.14 1 1
github.com/mwiater/gollamacli/cli/cli_multimodel.go:362.14,367.45 4 1
github.com/mwiater/gollamacli/cli/cli_multimodel.go:367.45,368.102 1 1
github.com/mwiater/gollamacli/cli/cli_multimodel.go:368.102,369.86 1 0
github.com/mwiater/gollamacli/cli/cli_multimodel.go:369.86,371.39 2 0
github.com/mwiater/gollamacli/cli/cli_multimodel.go:371.39,372.96 1 0
github.com/mwiater/gollamacli/cli/cli_multimodel.go:372.96,375.9 1 0
github.com/mwiater/gollamacli/cli/cli_multimodel.go:377.7,377.37 1 0
github.com/mwiater/gollamacli/cli/cli_multimodel.go:377.37,382.8 1 0
github.com/mwiater/gollamacli/cli/cli_multimodel.go:383.7,383.12 1 0
github.com/mwiater/gollamacli/cli/cli_multimodel.go:388.3,388.16 1 1
github.com/mwiater/gollamacli/cli/cli_multimodel.go:390.27,391.45 1 0
github.com/mwiater/gollamacli/cli/cli_multimodel.go:391.45,394.4 2 0
github.com/mwiater/gollamacli/cli/cli_multimodel.go:395.3,395.16 1 0
github.com/mwiater/gollamacli/cli/cli_multimodel.go:397.15,398.18 1 0
github.com/mwiater/gollamacli/cli/cli_multimodel.go:398.18,400.4 1 0
github.com/mwiater/gollamacli/cli/cli_multimodel.go:401.3,401.16 1 0
github.com/mwiater/gollamacli/cli/cli_multimodel.go:404.2,404.17 1 1
github.com/mwiater/gollamacli/cli/cli_multimodel.go:405.32,406.33 1 1
github.com/mwiater/gollamacli/cli/cli_multimodel.go:407.26,408.27 1 0
github.com/mwiater/gollamacli/cli/cli_multimodel.go:411.2,411.17 1 0
github.com/mwiater/gollamacli/cli/cli_multimodel.go:411.17,414.3 2 0
github.com/mwiater/gollamacli/cli/cli_multimodel.go:416.2,416.30 1 0
github.com/mwiater/gollamacli/cli/cli_multimodel.go:420.78,423.24 2 1
github.com/mwiater/gollamacli/cli/cli_multimodel.go:423.24,428.41 4 1
github.com/mwiater/gollamacli/cli/cli_multimodel.go:428.41,429.27 1 1
github.com/mwiater/gollamacli/cli/cli_multimodel.go:430.17,431.66 1 1
github.com/mwiater/gollamacli/cli/cli_multimodel.go:431.66,435.6 3 1
github.com/mwiater/gollamacli/cli/cli_multimodel.go:436.15,438.18 2 1
github.com/mwiater/gollamacli/cli/cli_multimodel.go:441.8,442.41 1 1
github.com/mwiater/gollamacli/cli/cli_multimodel.go:442.41,443.27 1 1
github.com/mwiater/gollamacli/cli/cli_multimodel.go:444.19,445.32 1 0
github.com/mwiater/gollamacli/cli/cli_multimodel.go:445.32,447.6 1 0
github.com/mwiater/gollamacli/cli/cli_multimodel.go:448.21,449.51 1 1
github.com/mwiater/gollamacli/cli/cli_multimodel.go:449.51,451.6 1 0
github.com/mwiater/gollamacli/cli/cli_multimodel.go:452.17,455.69 2 1
github.com/mwiater/gollamacli/cli/cli_multimodel.go:455.69,457.6 1 1
github.com/mwiater/gollamacli/cli/cli_multimodel.go:458.5,460.30 3 1
github.com/mwiater/gollamacli/cli/cli_multimodel.go:461.13,464.46 2 1
github.com/mwiater/gollamacli/cli/cli_multimodel.go:464.46,465.31 1 1
github.com/mwiater/gollamacli/cli/cli_multimodel.go:465.31,467.12 2 1
github.com/mwiater/gollamacli/cli/cli_multimodel.go:470.5,470.22 1 1
github.com/mwiater/gollamacli/cli/cli_multimodel.go:470.22,475.39 4 1
github.com/mwiater/gollamacli/cli/cli_multimodel.go:475.39,479.7 3 1
github.com/mwiater/gollamacli/cli/cli_multimodel.go:480.6,480.90 1 1
github.com/mwiater/gollamacli/cli/cli_multimodel.go:486.2,486.30 1 1
github.com/mwiater/gollamacli/cli/cli_multimodel.go:490.72,500.70 7 1
github.com/mwiater/gollamacli/cli/cli_multimodel.go:500.70,502.22 2 1
github.com/mwiater/gollamacli/cli/cli_multimodel.go:502.22,505.37 2 1
github.com/mwiater/gollamacli/cli/cli_multimodel.go:505.37,506.36 1 1
github.com/mwiater/gollamacli/cli/cli_multimodel.go:506.36,510.6 3 1
github.com/mwiater/gollamacli/cli/cli_multimodel.go:510.11,512.6 1 1
github.com/mwiater/gollamacli/cli/cli_multimodel.go:513.5,514.37 2 1
github.com/mwiater/gollamacli/cli/cli_multimodel.go:517.4,520.89 4 1
github.com/mwiater/gollamacli/cli/cli_multimodel.go:524.2,524.30 1 1
github.com/mwiater/gollamacli/cli/cli_multimodel.go:528.41,529.18 1 1
github.com/mwiater/gollamacli/cli/cli_multimodel.go:529.18,531.3 1 1
github.com/mwiater/gollamacli/cli/cli_multimodel.go:533.2,533.18 1 1
github.com/mwiater/gollamacli/cli/cli_multimodel.go:533.18,536.3 2 1
github.com/mwiater/gollamacli/cli/cli_multimodel.go:538.2,538.17 1 1
github.com/mwiater/gollamacli/cli/cli_multimodel.go:539.32,540.28 1 1
github.com/mwiater/gollamacli/cli/cli_multimodel.go:541.33,543.89 2 0
github.com/mwiater/gollamacli/cli/cli_multimodel.go:544.26,545.32 1 0
github.com/mwiater/gollamacli/cli/cli_multimodel.go:546.10,547.25 1 0
github.com/mwiater/gollamacli/cli/cli_multimodel.go:552.51,558.24 4 1
github.com/mwiater/gollamacli/cli/cli_multimodel.go:558.24,560.3 1 0
github.com/mwiater/gollamacli/cli/cli_multimodel.go:563.2,563.43 1 1
github.com/mwiater/gollamacli/cli/cli_multimodel.go:563.43,566.31 2 1
github.com/mwiater/gollamacli/cli/cli_multimodel.go:566.31,568.4 1 1
github.com/mwiater/gollamacli/cli/cli_multimodel.go:568.9,570.4 1 0
github.com/mwiater/gollamacli/cli/cli_multimodel.go:572.3,576.28 4 1
github.com/mwiater/gollamacli/cli/cli_multimodel.go:576.28,579.4 2 0
github.com/mwiater/gollamacli/cli/cli_multimodel.go:579.9,582.4 2 1
github.com/mwiater/gollamacli/cli/cli_multimodel.go:584.3,584.44 1 1
github.com/mwiater/gollamacli/cli/cli_multimodel.go:587.2,593.43 5 1
github.com/mwiater/gollamacli/cli/cli_multimodel.go:593.43,594.28 1 1
github.com/mwiater/gollamacli/cli/cli_multimodel.go:594.28,596.9 2 0
github.com/mwiater/gollamacli/cli/cli_multimodel.go:599.2,599.19 1 1
github.com/mwiater/gollamacli/cli/cli_multimodel.go:599.19,603.3 3 0
github.com/mwiater/gollamacli/cli/cli_multimodel.go:605.2,605.66 1 1
github.com/mwiater/gollamacli/cli/cli_multimodel.go:609.55,620.25 8 1
github.com/mwiater/gollamacli/cli/cli_multimodel.go:620.25,622.60 2 1
github.com/mwiater/gollamacli/cli/cli_multimodel.go:622.60,625.34 2 1
github.com/mwiater/gollamacli/cli/cli_multimodel.go:625.34,627.31 2 1
github.com/mwiater/gollamacli/cli/cli_multimodel.go:627.31,630.23 3 0
github.com/mwiater/gollamacli/cli/cli_multimodel.go:630.23,632.7 1 0
github.com/mwiater/gollamacli/cli/cli_multimodel.go:633.6,633.68 1 0
github.com/mwiater/gollamacli/cli/cli_multimodel.go:636.4,645.5 4 1
github.com/mwiater/gollamacli/cli/cli_multimodel.go:646.9,648.4 1 1
github.com/mwiater/gollamacli/cli/cli_multimodel.go:650.3,658.70 2 1
github.com/mwiater/gollamacli/cli/cli_multimodel.go:660.2,666.25 5 1
github.com/mwiater/gollamacli/cli/cli_multimodel.go:666.25,668.60 2 1
github.com/mwiater/gollamacli/cli/cli_multimodel.go:668.60,669.41 1 1
github.com/mwiater/gollamacli/cli/cli_multimodel.go:669.41,672.5 2 0
github.com/mwiater/gollamacli/cli/cli_multimodel.go:672.10,676.58 3 1
github.com/mwiater/gollamacli/cli/cli_multimodel.go:676.58,678.33 2 1
github.com/mwiater/gollamacli/cli/cli_multimodel.go:678.33,681.7 2 1
github.com/mwiater/gollamacli/cli/cli_multimodel.go:681.12,684.7 2 1
github.com/mwiater/gollamacli/cli/cli_multimodel.go:685.6,686.73 2 1
github.com/mwiater/gollamacli/cli/cli_multimodel.go:691.3,698.72 2 1
github.com/mwiater/gollamacli/cli/cli_multimodel.go:700.2,703.35 3 1
github.com/mwiater/gollamacli/cli/cli_multimodel.go:703.35,704.39 1 1
github.com/mwiater/gollamacli/cli/cli_multimodel.go:704.39,707.4 2 0
github.com/mwiater/gollamacli/cli/cli_multimodel.go:710.2,710.17 1 1
github.com/mwiater/gollamacli/cli/cli_multimodel.go:710.17,712.3 1 0
github.com/mwiater/gollamacli/cli/cli_multimodel.go:712.8,714.3 1 1
github.com/mwiater/gollamacli/cli/cli_multimodel.go:716.2,716.25 1 1
github.com/mwiater/gollamacli/cli/cli_multimodel.go:722.44,735.2 6 0
github.com/mwiater/gollamacli/harness/harness.go:21.12,70.16 4 0
github.com/mwiater/gollamacli/harness/harness.go:70.16,71.13 1 0
github.com/mwiater/gollamacli/harness/harness.go:74.2,77.37 2 0
github.com/mwiater/gollamacli/harness/harness.go:77.37,82.3 4 0
github.com/mwiater/gollamacli/harness/harness.go:85.2,86.24 2 0
github.com/mwiater/gollamacli/harness/metrics.go:10.58,11.22 1 0
github.com/mwiater/gollamacli/harness/metrics.go:11.22,13.3 1 0
github.com/mwiater/gollamacli/harness/metrics.go:14.2,16.12 3 0
github.com/mwiater/gollamacli/harness/metrics.go:16.12,18.3 1 0
github.com/mwiater/gollamacli/harness/metrics.go:19.2,19.12 1 0
github.com/mwiater/gollamacli/harness/metrics.go:19.12,21.3 1 0
github.com/mwiater/gollamacli/harness/metrics.go:22.2,25.12 4 0
github.com/mwiater/gollamacli/harness/metrics.go:25.12,27.3 1 0
github.com/mwiater/gollamacli/harness/metrics.go:28.2,29.36 2 0
github.com/mwiater/gollamacli/harness/metrics.go:32.52,34.12 2 0
github.com/mwiater/gollamacli/harness/metrics.go:34.12,36.3 1 0
github.com/mwiater/gollamacli/harness/metrics.go:37.2,38.27 2 0
github.com/mwiater/gollamacli/harness/metrics.go:38.27,40.3 1 0
github.com/mwiater/gollamacli/harness/metrics.go:41.2,43.27 3 0
github.com/mwiater/gollamacli/harness/metrics.go:43.27,46.3 2 0
github.com/mwiater/gollamacli/harness/metrics.go:47.2,48.8 2 0
github.com/mwiater/gollamacli/harness/ollama_client.go:49.31,59.16 4 0
github.com/mwiater/gollamacli/harness/ollama_client.go:59.16,61.3 1 0
github.com/mwiater/gollamacli/harness/ollama_client.go:62.2,67.16 4 0
github.com/mwiater/gollamacli/harness/ollama_client.go:67.16,69.3 1 0
github.com/mwiater/gollamacli/harness/ollama_client.go:70.2,72.38 2 0
github.com/mwiater/gollamacli/harness/ollama_client.go:72.38,75.3 2 0
github.com/mwiater/gollamacli/harness/ollama_client.go:77.2,84.6 3 0
github.com/mwiater/gollamacli/harness/ollama_client.go:84.6,86.37 2 0
github.com/mwiater/gollamacli/harness/ollama_client.go:86.37,88.52 2 0
github.com/mwiater/gollamacli/harness/ollama_client.go:88.52,89.47 1 0
github.com/mwiater/gollamacli/harness/ollama_client.go:89.47,92.6 2 0
github.com/mwiater/gollamacli/harness/ollama_client.go:93.5,93.16 1 0
github.com/mwiater/gollamacli/harness/ollama_client.go:93.16,95.11 2 0
github.com/mwiater/gollamacli/harness/ollama_client.go:100.3,100.21 1 0
github.com/mwiater/gollamacli/harness/ollama_client.go:100.21,101.25 1 0
github.com/mwiater/gollamacli/harness/ollama_client.go:101.25,102.10 1 0
github.com/mwiater/gollamacli/harness/ollama_client.go:104.4,104.40 1 0
github.com/mwiater/gollamacli/harness/ollama_client.go:108.2,112.19 3 0
github.com/mwiater/gollamacli/harness/ollama_client.go:112.19,114.3 1 0
github.com/mwiater/gollamacli/harness/ollama_client.go:115.2,119.26 3 0
github.com/mwiater/gollamacli/harness/ollama_client.go:119.26,120.48 1 0
github.com/mwiater/gollamacli/harness/ollama_client.go:120.48,121.26 1 0
github.com/mwiater/gollamacli/harness/ollama_client.go:122.17,123.24 1 0
github.com/mwiater/gollamacli/harness/ollama_client.go:124.13,125.19 1 0
github.com/mwiater/gollamacli/harness/ollama_client.go:130.2,150.55 2 0
github.com/mwiater/gollamacli/harness/ollama_client.go:150.55,152.3 1 0
github.com/mwiater/gollamacli/harness/ollama_client.go:153.2,153.49 1 0
github.com/mwiater/gollamacli/harness/ollama_client.go:153.49,155.3 1 0
github.com/mwiater/gollamacli/harness/ollama_client.go:157.2,157.16 1 0
github.com/mwiater/gollamacli/harness/ollama_client.go:161.56,177.2 2 0
github.com/mwiater/gollamacli/harness/prompts.go:11.41,12.16 1 0
github.com/mwiater/gollamacli/harness/prompts.go:12.16,14.3 1 0
github.com/mwiater/gollamacli/harness/prompts.go:15.2,16.24 2 0
github.com/mwiater/gollamacli/harness/prompts.go:16.24,18.3 1 0
github.com/mwiater/gollamacli/harness/prompts.go:19.2,19.21 1 0
github.com/mwiater/gollamacli/harness/results.go:8.67,10.27 2 0
github.com/mwiater/gollamacli/harness/results.go:10.27,12.3 1 0
github.com/mwiater/gollamacli/harness/results.go:14.2,15.31 2 0
github.com/mwiater/gollamacli/harness/results.go:15.31,20.26 4 0
github.com/mwiater/gollamacli/harness/results.go:20.26,24.29 3 0
github.com/mwiater/gollamacli/harness/results.go:24.29,26.5 1 0
github.com/mwiater/gollamacli/harness/results.go:29.3,38.22 2 0
github.com/mwiater/gollamacli/harness/results.go:38.22,40.4 1 0
github.com/mwiater/gollamacli/harness/results.go:41.3,41.24 1 0
github.com/mwiater/gollamacli/harness/results.go:43.2,43.12 1 0
github.com/mwiater/gollamacli/harness/results.go:47.102,54.2 1 0
github.com/mwiater/gollamacli/harness/runner.go:15.93,16.23 1 0
github.com/mwiater/gollamacli/harness/runner.go:16.23,18.3 1 0
github.com/mwiater/gollamacli/harness/runner.go:19.2,19.26 1 0
github.com/mwiater/gollamacli/harness/runner.go:19.26,21.3 1 0
github.com/mwiater/gollamacli/harness/runner.go:22.2,22.29 1 0
github.com/mwiater/gollamacli/harness/runner.go:22.29,24.3 1 0
github.com/mwiater/gollamacli/harness/runner.go:25.2,25.21 1 0
github.com/mwiater/gollamacli/harness/runner.go:25.21,27.3 1 0
github.com/mwiater/gollamacli/harness/runner.go:28.2,28.29 1 0
github.com/mwiater/gollamacli/harness/runner.go:28.29,30.3 1 0
github.com/mwiater/gollamacli/harness/runner.go:32.2,35.35 3 0
github.com/mwiater/gollamacli/harness/runner.go:35.35,38.17 2 0
github.com/mwiater/gollamacli/harness/runner.go:38.17,40.4 1 0
github.com/mwiater/gollamacli/harness/runner.go:43.3,43.22 1 0
github.com/mwiater/gollamacli/harness/runner.go:43.22,45.18 2 0
github.com/mwiater/gollamacli/harness/runner.go:45.18,47.5 1 0
github.com/mwiater/gollamacli/harness/runner.go:52.3,52.36 1 0
github.com/mwiater/gollamacli/harness/runner.go:52.36,53.36 1 0
github.com/mwiater/gollamacli/harness/runner.go:53.36,56.19 3 0
github.com/mwiater/gollamacli/harness/runner.go:56.19,67.14 2 0
github.com/mwiater/gollamacli/harness/runner.go:69.5,69.26 1 0
github.com/mwiater/gollamacli/harness/runner.go:74.2,74.47 1 0
github.com/mwiater/gollamacli/harness/runner.go:77.129,82.2 4 0
github.com/mwiater/gollamacli/cmd/main.go:11.13,13.2 1 0
